<?xml version="1.0" encoding="UTF-8"?>
<!-- Generated by org.testng.reporters.JUnitReportReporter -->
<testsuite hostname="LAPTOP-77U94V7F" failures="0" tests="1" name="POM_Programs.testScript" time="14.627" errors="0" timestamp="2023-09-30T11:14:58 IST" skipped="0">
  <testcase classname="POM_Programs.testScript" name="test" time="14.627"/>
</testsuite> <!-- POM_Programs.testScript -->
