<?xml version="1.0" encoding="UTF-8"?>
<!-- Generated by org.testng.reporters.JUnitReportReporter -->
<testsuite hostname="LAPTOP-77U94V7F" failures="0" tests="1" name="testng.sample" time="0.006" errors="0" timestamp="2023-09-24T17:49:39 IST" skipped="0">
  <testcase classname="testng.sample" name="run" time="0.006">
    <system-out>
      <![CDATA[HI]]>
    </system-out>
  </testcase> <!-- run -->
  <system-out>
    <![CDATA[HI]]>
  </system-out>
</testsuite> <!-- testng.sample -->
