<?xml version="1.0" encoding="UTF-8"?>
<!-- Generated by org.testng.reporters.JUnitReportReporter -->
<testsuite hostname="LAPTOP-77U94V7F" failures="0" tests="1" name="facebook_POM" time="3.726" errors="0" timestamp="2023-09-30T11:19:57 IST" skipped="0">
  <testcase classname="facebook_POM" name="test" time="3.726"/>
</testsuite> <!-- facebook_POM -->
